# JRE version: OpenJDK Runtime Environment (17.0.7) (build 17.0.7+0-b2043.56-10550314)
# Java VM: OpenJDK 64-Bit Server VM (17.0.7+0-b2043.56-10550314, mixed mode, tiered, compressed oops, compressed class ptrs, g1 gc, windows-amd64)
GC Precious Log:
 CPUs: 8 total, 8 available
 Memory: 8015M
 Large Page Support: Disabled
 NUMA Support: Disabled
 Compressed Oops: Enabled (32-bit)
 Heap Region Size: 1M
 Heap Min Capacity: 8M
 Heap Initial Capacity: 126M
 Heap Max Capacity: 2G
 Pre-touch: Disabled
 Parallel Workers: 8
 Concurrent Workers: 2
 Concurrent Refinement Workers: 8
 Periodic GC: Disabled
Heap:
 garbage-first heap   total 178176K, used 105619K [0x0000000080000000, 0x0000000100000000)
  region size 1024K, 1 young (1024K), 1 survivors (1024K)
 Metaspace       used 99843K, committed 100608K, reserved 1179648K
  class space    used 13629K, committed 14016K, reserved 1048576K
GC Heap History (20 events):
Event: 23.702 GC heap after
{Heap after GC invocations=45 (full 0):
 garbage-first heap   total 138240K, used 63200K [0x0000000080000000, 0x0000000100000000)
  region size 1024K, 3 young (3072K), 3 survivors (3072K)
 Metaspace       used 80407K, committed 80960K, reserved 1179648K
  class space    used 10987K, committed 11264K, reserved 1048576K
}
Event: 24.885 GC heap before
{Heap before GC invocations=46 (full 0):
 garbage-first heap   total 138240K, used 110304K [0x0000000080000000, 0x0000000100000000)
  region size 1024K, 49 young (50176K), 3 survivors (3072K)
 Metaspace       used 84282K, committed 84928K, reserved 1179648K
  class space    used 11569K, committed 11904K, reserved 1048576K
}
Event: 24.892 GC heap after
{Heap after GC invocations=47 (full 0):
 garbage-first heap   total 138240K, used 66021K [0x0000000080000000, 0x0000000100000000)
  region size 1024K, 6 young (6144K), 6 survivors (6144K)
 Metaspace       used 84282K, committed 84928K, reserved 1179648K
  class space    used 11569K, committed 11904K, reserved 1048576K
}
Event: 25.906 GC heap before
{Heap before GC invocations=47 (full 0):
 garbage-first heap   total 138240K, used 111077K [0x0000000080000000, 0x0000000100000000)
  region size 1024K, 50 young (51200K), 6 survivors (6144K)
 Metaspace       used 88745K, committed 89408K, reserved 1179648K
  class space    used 12219K, committed 12544K, reserved 1048576K
}
Event: 25.917 GC heap after
{Heap after GC invocations=48 (full 0):
 garbage-first heap   total 138240K, used 68737K [0x0000000080000000, 0x0000000100000000)
  region size 1024K, 6 young (6144K), 6 survivors (6144K)
 Metaspace       used 88745K, committed 89408K, reserved 1179648K
  class space    used 12219K, committed 12544K, reserved 1048576K
}
Event: 27.010 GC heap before
{Heap before GC invocations=48 (full 0):
 garbage-first heap   total 138240K, used 111745K [0x0000000080000000, 0x0000000100000000)
  region size 1024K, 48 young (49152K), 6 survivors (6144K)
 Metaspace       used 90141K, committed 90880K, reserved 1179648K
  class space    used 12407K, committed 12736K, reserved 1048576K
}
Event: 27.024 GC heap after
{Heap after GC invocations=49 (full 0):
 garbage-first heap   total 138240K, used 73670K [0x0000000080000000, 0x0000000100000000)
  region size 1024K, 6 young (6144K), 6 survivors (6144K)
 Metaspace       used 90141K, committed 90880K, reserved 1179648K
  class space    used 12407K, committed 12736K, reserved 1048576K
}
Event: 28.625 GC heap before
{Heap before GC invocations=50 (full 0):
 garbage-first heap   total 138240K, used 111558K [0x0000000080000000, 0x0000000100000000)
  region size 1024K, 43 young (44032K), 6 survivors (6144K)
 Metaspace       used 91973K, committed 92672K, reserved 1179648K
  class space    used 12750K, committed 13056K, reserved 1048576K
}
Event: 28.637 GC heap after
{Heap after GC invocations=51 (full 0):
 garbage-first heap   total 138240K, used 79714K [0x0000000080000000, 0x0000000100000000)
  region size 1024K, 6 young (6144K), 6 survivors (6144K)
 Metaspace       used 91973K, committed 92672K, reserved 1179648K
  class space    used 12750K, committed 13056K, reserved 1048576K
}
Event: 29.390 GC heap before
{Heap before GC invocations=51 (full 0):
 garbage-first heap   total 138240K, used 112482K [0x0000000080000000, 0x0000000100000000)
  region size 1024K, 38 young (38912K), 6 survivors (6144K)
 Metaspace       used 92212K, committed 92992K, reserved 1179648K
  class space    used 12768K, committed 13120K, reserved 1048576K
}
Event: 29.401 GC heap after
{Heap after GC invocations=52 (full 0):
 garbage-first heap   total 138240K, used 82359K [0x0000000080000000, 0x0000000100000000)
  region size 1024K, 3 young (3072K), 3 survivors (3072K)
 Metaspace       used 92212K, committed 92992K, reserved 1179648K
  class space    used 12768K, committed 13120K, reserved 1048576K
}
Event: 30.316 GC heap before
{Heap before GC invocations=53 (full 0):
 garbage-first heap   total 147456K, used 119223K [0x0000000080000000, 0x0000000100000000)
  region size 1024K, 33 young (33792K), 3 survivors (3072K)
 Metaspace       used 94966K, committed 95680K, reserved 1179648K
  class space    used 13092K, committed 13440K, reserved 1048576K
}
Event: 30.322 GC heap after
{Heap after GC invocations=54 (full 0):
 garbage-first heap   total 147456K, used 85769K [0x0000000080000000, 0x0000000100000000)
  region size 1024K, 5 young (5120K), 5 survivors (5120K)
 Metaspace       used 94966K, committed 95680K, reserved 1179648K
  class space    used 13092K, committed 13440K, reserved 1048576K
}
Event: 30.384 GC heap before
{Heap before GC invocations=54 (full 0):
 garbage-first heap   total 147456K, used 86793K [0x0000000080000000, 0x0000000100000000)
  region size 1024K, 7 young (7168K), 5 survivors (5120K)
 Metaspace       used 94984K, committed 95744K, reserved 1179648K
  class space    used 13092K, committed 13440K, reserved 1048576K
}
Event: 30.393 GC heap after
{Heap after GC invocations=55 (full 0):
 garbage-first heap   total 147456K, used 87729K [0x0000000080000000, 0x0000000100000000)
  region size 1024K, 1 young (1024K), 1 survivors (1024K)
 Metaspace       used 94984K, committed 95744K, reserved 1179648K
  class space    used 13092K, committed 13440K, reserved 1048576K
}
Event: 31.064 GC heap before
{Heap before GC invocations=55 (full 0):
 garbage-first heap   total 147456K, used 120497K [0x0000000080000000, 0x0000000100000000)
  region size 1024K, 33 young (33792K), 1 survivors (1024K)
 Metaspace       used 96359K, committed 97088K, reserved 1179648K
  class space    used 13243K, committed 13568K, reserved 1048576K
}
Event: 31.077 GC heap after
{Heap after GC invocations=56 (full 0):
 garbage-first heap   total 147456K, used 103316K [0x0000000080000000, 0x0000000100000000)
  region size 1024K, 5 young (5120K), 5 survivors (5120K)
 Metaspace       used 96359K, committed 97088K, reserved 1179648K
  class space    used 13243K, committed 13568K, reserved 1048576K
}
Event: 31.673 GC heap before
{Heap before GC invocations=57 (full 0):
 garbage-first heap   total 178176K, used 115604K [0x0000000080000000, 0x0000000100000000)
  region size 1024K, 20 young (20480K), 5 survivors (5120K)
 Metaspace       used 99017K, committed 99776K, reserved 1179648K
  class space    used 13539K, committed 13888K, reserved 1048576K
}
Event: 31.686 GC heap after
{Heap after GC invocations=58 (full 0):
 garbage-first heap   total 178176K, used 103620K [0x0000000080000000, 0x0000000100000000)
  region size 1024K, 3 young (3072K), 3 survivors (3072K)
 Metaspace       used 99017K, committed 99776K, reserved 1179648K
  class space    used 13539K, committed 13888K, reserved 1048576K
}
Event: 32.006 GC heap before
{Heap before GC invocations=58 (full 0):
 garbage-first heap   total 178176K, used 107716K [0x0000000080000000, 0x0000000100000000)
  region size 1024K, 8 young (8192K), 3 survivors (3072K)
 Metaspace       used 99843K, committed 100608K, reserved 1179648K
  class space    used 13629K, committed 14016K, reserved 1048576K
}

