# JRE version: OpenJDK Runtime Environment (17.0.7) (build 17.0.7+0-b2043.56-10550314)
# Java VM: OpenJDK 64-Bit Server VM (17.0.7+0-b2043.56-10550314, mixed mode, tiered, compressed oops, compressed class ptrs, g1 gc, windows-amd64)
GC Precious Log:
 CPUs: 8 total, 8 available
 Memory: 8015M
 Large Page Support: Disabled
 NUMA Support: Disabled
 Compressed Oops: Enabled (32-bit)
 Heap Region Size: 1M
 Heap Min Capacity: 8M
 Heap Initial Capacity: 126M
 Heap Max Capacity: 2G
 Pre-touch: Disabled
 Parallel Workers: 8
 Concurrent Workers: 2
 Concurrent Refinement Workers: 8
 Periodic GC: Disabled
Heap:
 garbage-first heap   total 132096K, used 82716K [0x0000000080000000, 0x0000000100000000)
  region size 1024K, 1 young (1024K), 1 survivors (1024K)
 Metaspace       used 62593K, committed 63296K, reserved 1114112K
  class space    used 8444K, committed 8768K, reserved 1048576K
GC Heap History (20 events):
Event: 5.645 GC heap after
{Heap after GC invocations=21 (full 0):
 garbage-first heap   total 107520K, used 57728K [0x0000000080000000, 0x0000000100000000)
  region size 1024K, 3 young (3072K), 3 survivors (3072K)
 Metaspace       used 46161K, committed 46592K, reserved 1114112K
  class space    used 6128K, committed 6336K, reserved 1048576K
}
Event: 6.037 GC heap before
{Heap before GC invocations=21 (full 0):
 garbage-first heap   total 107520K, used 80256K [0x0000000080000000, 0x0000000100000000)
  region size 1024K, 27 young (27648K), 3 survivors (3072K)
 Metaspace       used 48059K, committed 48576K, reserved 1114112K
  class space    used 6413K, committed 6656K, reserved 1048576K
}
Event: 6.041 GC heap after
{Heap after GC invocations=22 (full 0):
 garbage-first heap   total 107520K, used 60332K [0x0000000080000000, 0x0000000100000000)
  region size 1024K, 4 young (4096K), 4 survivors (4096K)
 Metaspace       used 48059K, committed 48576K, reserved 1114112K
  class space    used 6413K, committed 6656K, reserved 1048576K
}
Event: 6.394 GC heap before
{Heap before GC invocations=23 (full 0):
 garbage-first heap   total 109568K, used 89004K [0x0000000080000000, 0x0000000100000000)
  region size 1024K, 28 young (28672K), 4 survivors (4096K)
 Metaspace       used 50807K, committed 51328K, reserved 1114112K
  class space    used 6692K, committed 6912K, reserved 1048576K
}
Event: 6.398 GC heap after
{Heap after GC invocations=24 (full 0):
 garbage-first heap   total 132096K, used 65706K [0x0000000080000000, 0x0000000100000000)
  region size 1024K, 3 young (3072K), 3 survivors (3072K)
 Metaspace       used 50807K, committed 51328K, reserved 1114112K
  class space    used 6692K, committed 6912K, reserved 1048576K
}
Event: 6.411 GC heap before
{Heap before GC invocations=24 (full 0):
 garbage-first heap   total 132096K, used 68778K [0x0000000080000000, 0x0000000100000000)
  region size 1024K, 6 young (6144K), 3 survivors (3072K)
 Metaspace       used 50836K, committed 51392K, reserved 1114112K
  class space    used 6697K, committed 6912K, reserved 1048576K
}
Event: 6.413 GC heap after
{Heap after GC invocations=25 (full 0):
 garbage-first heap   total 132096K, used 65414K [0x0000000080000000, 0x0000000100000000)
  region size 1024K, 1 young (1024K), 1 survivors (1024K)
 Metaspace       used 50836K, committed 51392K, reserved 1114112K
  class space    used 6697K, committed 6912K, reserved 1048576K
}
Event: 6.919 GC heap before
{Heap before GC invocations=25 (full 0):
 garbage-first heap   total 132096K, used 100230K [0x0000000080000000, 0x0000000100000000)
  region size 1024K, 35 young (35840K), 1 survivors (1024K)
 Metaspace       used 53617K, committed 54144K, reserved 1114112K
  class space    used 7213K, committed 7424K, reserved 1048576K
}
Event: 6.922 GC heap after
{Heap after GC invocations=26 (full 0):
 garbage-first heap   total 132096K, used 67211K [0x0000000080000000, 0x0000000100000000)
  region size 1024K, 3 young (3072K), 3 survivors (3072K)
 Metaspace       used 53617K, committed 54144K, reserved 1114112K
  class space    used 7213K, committed 7424K, reserved 1048576K
}
Event: 7.633 GC heap before
{Heap before GC invocations=27 (full 0):
 garbage-first heap   total 132096K, used 103051K [0x0000000080000000, 0x0000000100000000)
  region size 1024K, 38 young (38912K), 3 survivors (3072K)
 Metaspace       used 57121K, committed 57792K, reserved 1114112K
  class space    used 7750K, committed 8064K, reserved 1048576K
}
Event: 7.637 GC heap after
{Heap after GC invocations=28 (full 0):
 garbage-first heap   total 132096K, used 69600K [0x0000000080000000, 0x0000000100000000)
  region size 1024K, 5 young (5120K), 5 survivors (5120K)
 Metaspace       used 57121K, committed 57792K, reserved 1114112K
  class space    used 7750K, committed 8064K, reserved 1048576K
}
Event: 7.653 GC heap before
{Heap before GC invocations=28 (full 0):
 garbage-first heap   total 132096K, used 69600K [0x0000000080000000, 0x0000000100000000)
  region size 1024K, 6 young (6144K), 5 survivors (5120K)
 Metaspace       used 57195K, committed 57856K, reserved 1114112K
  class space    used 7767K, committed 8064K, reserved 1048576K
}
Event: 7.657 GC heap after
{Heap after GC invocations=29 (full 0):
 garbage-first heap   total 132096K, used 70114K [0x0000000080000000, 0x0000000100000000)
  region size 1024K, 1 young (1024K), 1 survivors (1024K)
 Metaspace       used 57195K, committed 57856K, reserved 1114112K
  class space    used 7767K, committed 8064K, reserved 1048576K
}
Event: 7.807 GC heap before
{Heap before GC invocations=29 (full 0):
 garbage-first heap   total 132096K, used 82402K [0x0000000080000000, 0x0000000100000000)
  region size 1024K, 15 young (15360K), 1 survivors (1024K)
 Metaspace       used 57455K, committed 58176K, reserved 1114112K
  class space    used 7787K, committed 8128K, reserved 1048576K
}
Event: 7.809 GC heap after
{Heap after GC invocations=30 (full 0):
 garbage-first heap   total 132096K, used 70730K [0x0000000080000000, 0x0000000100000000)
  region size 1024K, 2 young (2048K), 2 survivors (2048K)
 Metaspace       used 57455K, committed 58176K, reserved 1114112K
  class space    used 7787K, committed 8128K, reserved 1048576K
}
Event: 9.229 GC heap before
{Heap before GC invocations=31 (full 0):
 garbage-first heap   total 132096K, used 112714K [0x0000000080000000, 0x0000000100000000)
  region size 1024K, 37 young (37888K), 2 survivors (2048K)
 Metaspace       used 59763K, committed 60416K, reserved 1114112K
  class space    used 8116K, committed 8448K, reserved 1048576K
}
Event: 9.231 GC heap after
{Heap after GC invocations=32 (full 0):
 garbage-first heap   total 132096K, used 82180K [0x0000000080000000, 0x0000000100000000)
  region size 1024K, 5 young (5120K), 5 survivors (5120K)
 Metaspace       used 59763K, committed 60416K, reserved 1114112K
  class space    used 8116K, committed 8448K, reserved 1048576K
}
Event: 9.240 GC heap before
{Heap before GC invocations=32 (full 0):
 garbage-first heap   total 132096K, used 83204K [0x0000000080000000, 0x0000000100000000)
  region size 1024K, 6 young (6144K), 5 survivors (5120K)
 Metaspace       used 59851K, committed 60480K, reserved 1114112K
  class space    used 8130K, committed 8448K, reserved 1048576K
}
Event: 9.242 GC heap after
{Heap after GC invocations=33 (full 0):
 garbage-first heap   total 132096K, used 82341K [0x0000000080000000, 0x0000000100000000)
  region size 1024K, 1 young (1024K), 1 survivors (1024K)
 Metaspace       used 59851K, committed 60480K, reserved 1114112K
  class space    used 8130K, committed 8448K, reserved 1048576K
}
Event: 9.735 GC heap before
{Heap before GC invocations=33 (full 0):
 garbage-first heap   total 132096K, used 107941K [0x0000000080000000, 0x0000000100000000)
  region size 1024K, 27 young (27648K), 1 survivors (1024K)
 Metaspace       used 62593K, committed 63296K, reserved 1114112K
  class space    used 8444K, committed 8768K, reserved 1048576K
}

