# JRE version: OpenJDK Runtime Environment (17.0.7) (build 17.0.7+0-b2043.56-10550314)
# Java VM: OpenJDK 64-Bit Server VM (17.0.7+0-b2043.56-10550314, mixed mode, tiered, compressed oops, compressed class ptrs, g1 gc, windows-amd64)
GC Precious Log:
 CPUs: 8 total, 8 available
 Memory: 8015M
 Large Page Support: Disabled
 NUMA Support: Disabled
 Compressed Oops: Enabled (32-bit)
 Heap Region Size: 1M
 Heap Min Capacity: 8M
 Heap Initial Capacity: 126M
 Heap Max Capacity: 2G
 Pre-touch: Disabled
 Parallel Workers: 8
 Concurrent Workers: 2
 Concurrent Refinement Workers: 8
 Periodic GC: Disabled
Heap:
 garbage-first heap   total 178176K, used 121714K [0x0000000080000000, 0x0000000100000000)
  region size 1024K, 6 young (6144K), 4 survivors (4096K)
 Metaspace       used 84918K, committed 85632K, reserved 1179648K
  class space    used 11688K, committed 12032K, reserved 1048576K
GC Heap History (20 events):
Event: 11.251 GC heap before
{Heap before GC invocations=44 (full 0):
 garbage-first heap   total 148480K, used 97576K [0x0000000080000000, 0x0000000100000000)
  region size 1024K, 17 young (17408K), 3 survivors (3072K)
 Metaspace       used 67367K, committed 68096K, reserved 1114112K
  class space    used 9083K, committed 9408K, reserved 1048576K
}
Event: 11.254 GC heap after
{Heap after GC invocations=45 (full 0):
 garbage-first heap   total 148480K, used 85898K [0x0000000080000000, 0x0000000100000000)
  region size 1024K, 4 young (4096K), 4 survivors (4096K)
 Metaspace       used 67367K, committed 68096K, reserved 1114112K
  class space    used 9083K, committed 9408K, reserved 1048576K
}
Event: 11.538 GC heap before
{Heap before GC invocations=46 (full 0):
 garbage-first heap   total 168960K, used 119690K [0x0000000080000000, 0x0000000100000000)
  region size 1024K, 31 young (31744K), 4 survivors (4096K)
 Metaspace       used 68645K, committed 69376K, reserved 1114112K
  class space    used 9261K, committed 9600K, reserved 1048576K
}
Event: 11.542 GC heap after
{Heap after GC invocations=47 (full 0):
 garbage-first heap   total 168960K, used 88813K [0x0000000080000000, 0x0000000100000000)
  region size 1024K, 4 young (4096K), 4 survivors (4096K)
 Metaspace       used 68645K, committed 69376K, reserved 1114112K
  class space    used 9261K, committed 9600K, reserved 1048576K
}
Event: 11.596 GC heap before
{Heap before GC invocations=47 (full 0):
 garbage-first heap   total 168960K, used 92909K [0x0000000080000000, 0x0000000100000000)
  region size 1024K, 8 young (8192K), 4 survivors (4096K)
 Metaspace       used 68970K, committed 69696K, reserved 1114112K
  class space    used 9306K, committed 9664K, reserved 1048576K
}
Event: 11.599 GC heap after
{Heap after GC invocations=48 (full 0):
 garbage-first heap   total 168960K, used 89282K [0x0000000080000000, 0x0000000100000000)
  region size 1024K, 1 young (1024K), 1 survivors (1024K)
 Metaspace       used 68970K, committed 69696K, reserved 1114112K
  class space    used 9306K, committed 9664K, reserved 1048576K
}
Event: 12.505 GC heap before
{Heap before GC invocations=48 (full 0):
 garbage-first heap   total 168960K, used 126146K [0x0000000080000000, 0x0000000100000000)
  region size 1024K, 37 young (37888K), 1 survivors (1024K)
 Metaspace       used 71875K, committed 72640K, reserved 1114112K
  class space    used 9707K, committed 10048K, reserved 1048576K
}
Event: 12.507 GC heap after
{Heap after GC invocations=49 (full 0):
 garbage-first heap   total 168960K, used 90867K [0x0000000080000000, 0x0000000100000000)
  region size 1024K, 3 young (3072K), 3 survivors (3072K)
 Metaspace       used 71875K, committed 72640K, reserved 1114112K
  class space    used 9707K, committed 10048K, reserved 1048576K
}
Event: 13.138 GC heap before
{Heap before GC invocations=50 (full 0):
 garbage-first heap   total 168960K, used 128755K [0x0000000080000000, 0x0000000100000000)
  region size 1024K, 40 young (40960K), 3 survivors (3072K)
 Metaspace       used 76007K, committed 76736K, reserved 1179648K
  class space    used 10263K, committed 10624K, reserved 1048576K
}
Event: 13.142 GC heap after
{Heap after GC invocations=51 (full 0):
 garbage-first heap   total 168960K, used 93387K [0x0000000080000000, 0x0000000100000000)
  region size 1024K, 5 young (5120K), 5 survivors (5120K)
 Metaspace       used 76007K, committed 76736K, reserved 1179648K
  class space    used 10263K, committed 10624K, reserved 1048576K
}
Event: 13.180 GC heap before
{Heap before GC invocations=51 (full 0):
 garbage-first heap   total 168960K, used 95435K [0x0000000080000000, 0x0000000100000000)
  region size 1024K, 8 young (8192K), 5 survivors (5120K)
 Metaspace       used 76036K, committed 76800K, reserved 1179648K
  class space    used 10263K, committed 10624K, reserved 1048576K
}
Event: 13.184 GC heap after
{Heap after GC invocations=52 (full 0):
 garbage-first heap   total 168960K, used 93493K [0x0000000080000000, 0x0000000100000000)
  region size 1024K, 1 young (1024K), 1 survivors (1024K)
 Metaspace       used 76036K, committed 76800K, reserved 1179648K
  class space    used 10263K, committed 10624K, reserved 1048576K
}
Event: 13.663 GC heap before
{Heap before GC invocations=52 (full 0):
 garbage-first heap   total 168960K, used 123189K [0x0000000080000000, 0x0000000100000000)
  region size 1024K, 31 young (31744K), 1 survivors (1024K)
 Metaspace       used 78022K, committed 78720K, reserved 1179648K
  class space    used 10537K, committed 10880K, reserved 1048576K
}
Event: 13.665 GC heap after
{Heap after GC invocations=53 (full 0):
 garbage-first heap   total 168960K, used 94214K [0x0000000080000000, 0x0000000100000000)
  region size 1024K, 2 young (2048K), 2 survivors (2048K)
 Metaspace       used 78022K, committed 78720K, reserved 1179648K
  class space    used 10537K, committed 10880K, reserved 1048576K
}
Event: 14.196 GC heap before
{Heap before GC invocations=54 (full 0):
 garbage-first heap   total 168960K, used 135174K [0x0000000080000000, 0x0000000100000000)
  region size 1024K, 41 young (41984K), 2 survivors (2048K)
 Metaspace       used 81169K, committed 81920K, reserved 1179648K
  class space    used 11151K, committed 11520K, reserved 1048576K
}
Event: 14.199 GC heap after
{Heap after GC invocations=55 (full 0):
 garbage-first heap   total 168960K, used 95212K [0x0000000080000000, 0x0000000100000000)
  region size 1024K, 3 young (3072K), 3 survivors (3072K)
 Metaspace       used 81169K, committed 81920K, reserved 1179648K
  class space    used 11151K, committed 11520K, reserved 1048576K
}
Event: 14.715 GC heap before
{Heap before GC invocations=55 (full 0):
 garbage-first heap   total 168960K, used 135148K [0x0000000080000000, 0x0000000100000000)
  region size 1024K, 43 young (44032K), 3 survivors (3072K)
 Metaspace       used 84914K, committed 85632K, reserved 1179648K
  class space    used 11687K, committed 12032K, reserved 1048576K
}
Event: 14.719 GC heap after
{Heap after GC invocations=56 (full 0):
 garbage-first heap   total 168960K, used 97335K [0x0000000080000000, 0x0000000100000000)
  region size 1024K, 5 young (5120K), 5 survivors (5120K)
 Metaspace       used 84914K, committed 85632K, reserved 1179648K
  class space    used 11687K, committed 12032K, reserved 1048576K
}
Event: 14.944 GC heap before
{Heap before GC invocations=57 (full 0):
 garbage-first heap   total 178176K, used 105527K [0x0000000080000000, 0x0000000100000000)
  region size 1024K, 8 young (8192K), 5 survivors (5120K)
 Metaspace       used 84918K, committed 85632K, reserved 1179648K
  class space    used 11688K, committed 12032K, reserved 1048576K
}
Event: 14.947 GC heap after
{Heap after GC invocations=58 (full 0):
 garbage-first heap   total 178176K, used 106354K [0x0000000080000000, 0x0000000100000000)
  region size 1024K, 4 young (4096K), 4 survivors (4096K)
 Metaspace       used 84918K, committed 85632K, reserved 1179648K
  class space    used 11688K, committed 12032K, reserved 1048576K
}

