# JRE version: OpenJDK Runtime Environment (17.0.7) (build 17.0.7+0-b2043.56-10550314)
# Java VM: OpenJDK 64-Bit Server VM (17.0.7+0-b2043.56-10550314, mixed mode, tiered, compressed oops, compressed class ptrs, g1 gc, windows-amd64)
GC Precious Log:
 CPUs: 8 total, 8 available
 Memory: 8015M
 Large Page Support: Disabled
 NUMA Support: Disabled
 Compressed Oops: Enabled (32-bit)
 Heap Region Size: 1M
 Heap Min Capacity: 8M
 Heap Initial Capacity: 126M
 Heap Max Capacity: 2G
 Pre-touch: Disabled
 Parallel Workers: 8
 Concurrent Workers: 2
 Concurrent Refinement Workers: 8
 Periodic GC: Disabled
Heap:
 garbage-first heap   total 244736K, used 196095K [0x0000000080000000, 0x0000000100000000)
  region size 1024K, 38 young (38912K), 7 survivors (7168K)
 Metaspace       used 132752K, committed 133568K, reserved 1179648K
  class space    used 17981K, committed 18368K, reserved 1048576K
GC Heap History (20 events):
Event: 29.993 GC heap before
{Heap before GC invocations=63 (full 0):
 garbage-first heap   total 244736K, used 184300K [0x0000000080000000, 0x0000000100000000)
  region size 1024K, 61 young (62464K), 8 survivors (8192K)
 Metaspace       used 104980K, committed 105792K, reserved 1179648K
  class space    used 14014K, committed 14400K, reserved 1048576K
}
Event: 30.001 GC heap after
{Heap after GC invocations=64 (full 0):
 garbage-first heap   total 244736K, used 136787K [0x0000000080000000, 0x0000000100000000)
  region size 1024K, 6 young (6144K), 6 survivors (6144K)
 Metaspace       used 104980K, committed 105792K, reserved 1179648K
  class space    used 14014K, committed 14400K, reserved 1048576K
}
Event: 30.545 GC heap before
{Heap before GC invocations=64 (full 0):
 garbage-first heap   total 244736K, used 189011K [0x0000000080000000, 0x0000000100000000)
  region size 1024K, 58 young (59392K), 6 survivors (6144K)
 Metaspace       used 106514K, committed 107264K, reserved 1179648K
  class space    used 14157K, committed 14528K, reserved 1048576K
}
Event: 30.551 GC heap after
{Heap after GC invocations=65 (full 0):
 garbage-first heap   total 244736K, used 136570K [0x0000000080000000, 0x0000000100000000)
  region size 1024K, 2 young (2048K), 2 survivors (2048K)
 Metaspace       used 106514K, committed 107264K, reserved 1179648K
  class space    used 14157K, committed 14528K, reserved 1048576K
}
Event: 31.317 GC heap before
{Heap before GC invocations=65 (full 0):
 garbage-first heap   total 244736K, used 192890K [0x0000000080000000, 0x0000000100000000)
  region size 1024K, 58 young (59392K), 2 survivors (2048K)
 Metaspace       used 107940K, committed 108672K, reserved 1179648K
  class space    used 14316K, committed 14656K, reserved 1048576K
}
Event: 31.322 GC heap after
{Heap after GC invocations=66 (full 0):
 garbage-first heap   total 244736K, used 138053K [0x0000000080000000, 0x0000000100000000)
  region size 1024K, 4 young (4096K), 4 survivors (4096K)
 Metaspace       used 107940K, committed 108672K, reserved 1179648K
  class space    used 14316K, committed 14656K, reserved 1048576K
}
Event: 32.190 GC heap before
{Heap before GC invocations=66 (full 0):
 garbage-first heap   total 244736K, used 196421K [0x0000000080000000, 0x0000000100000000)
  region size 1024K, 62 young (63488K), 4 survivors (4096K)
 Metaspace       used 108651K, committed 109376K, reserved 1179648K
  class space    used 14374K, committed 14720K, reserved 1048576K
}
Event: 32.195 GC heap after
{Heap after GC invocations=67 (full 0):
 garbage-first heap   total 244736K, used 140779K [0x0000000080000000, 0x0000000100000000)
  region size 1024K, 6 young (6144K), 6 survivors (6144K)
 Metaspace       used 108651K, committed 109376K, reserved 1179648K
  class space    used 14374K, committed 14720K, reserved 1048576K
}
Event: 36.154 GC heap before
{Heap before GC invocations=67 (full 0):
 garbage-first heap   total 244736K, used 199147K [0x0000000080000000, 0x0000000100000000)
  region size 1024K, 64 young (65536K), 6 survivors (6144K)
 Metaspace       used 109659K, committed 110464K, reserved 1179648K
  class space    used 14481K, committed 14912K, reserved 1048576K
}
Event: 36.163 GC heap after
{Heap after GC invocations=68 (full 0):
 garbage-first heap   total 244736K, used 146629K [0x0000000080000000, 0x0000000100000000)
  region size 1024K, 8 young (8192K), 8 survivors (8192K)
 Metaspace       used 109659K, committed 110464K, reserved 1179648K
  class space    used 14481K, committed 14912K, reserved 1048576K
}
Event: 36.620 GC heap before
{Heap before GC invocations=68 (full 0):
 garbage-first heap   total 244736K, used 199877K [0x0000000080000000, 0x0000000100000000)
  region size 1024K, 61 young (62464K), 8 survivors (8192K)
 Metaspace       used 110590K, committed 111424K, reserved 1179648K
  class space    used 14593K, committed 15040K, reserved 1048576K
}
Event: 36.627 GC heap after
{Heap after GC invocations=69 (full 0):
 garbage-first heap   total 244736K, used 148956K [0x0000000080000000, 0x0000000100000000)
  region size 1024K, 4 young (4096K), 4 survivors (4096K)
 Metaspace       used 110590K, committed 111424K, reserved 1179648K
  class space    used 14593K, committed 15040K, reserved 1048576K
}
Event: 37.524 GC heap before
{Heap before GC invocations=69 (full 0):
 garbage-first heap   total 244736K, used 204252K [0x0000000080000000, 0x0000000100000000)
  region size 1024K, 57 young (58368K), 4 survivors (4096K)
 Metaspace       used 118022K, committed 118848K, reserved 1179648K
  class space    used 15531K, committed 15936K, reserved 1048576K
}
Event: 37.531 GC heap after
{Heap after GC invocations=70 (full 0):
 garbage-first heap   total 244736K, used 157235K [0x0000000080000000, 0x0000000100000000)
  region size 1024K, 8 young (8192K), 8 survivors (8192K)
 Metaspace       used 118022K, committed 118848K, reserved 1179648K
  class space    used 15531K, committed 15936K, reserved 1048576K
}
Event: 38.216 GC heap before
{Heap before GC invocations=70 (full 0):
 garbage-first heap   total 244736K, used 204339K [0x0000000080000000, 0x0000000100000000)
  region size 1024K, 54 young (55296K), 8 survivors (8192K)
 Metaspace       used 120025K, committed 120896K, reserved 1179648K
  class space    used 15784K, committed 16192K, reserved 1048576K
}
Event: 38.222 GC heap after
{Heap after GC invocations=71 (full 0):
 garbage-first heap   total 244736K, used 157280K [0x0000000080000000, 0x0000000100000000)
  region size 1024K, 2 young (2048K), 2 survivors (2048K)
 Metaspace       used 120025K, committed 120896K, reserved 1179648K
  class space    used 15784K, committed 16192K, reserved 1048576K
}
Event: 38.935 GC heap before
{Heap before GC invocations=71 (full 0):
 garbage-first heap   total 244736K, used 207456K [0x0000000080000000, 0x0000000100000000)
  region size 1024K, 50 young (51200K), 2 survivors (2048K)
 Metaspace       used 124998K, committed 125888K, reserved 1179648K
  class space    used 16545K, committed 16960K, reserved 1048576K
}
Event: 38.939 GC heap after
{Heap after GC invocations=72 (full 0):
 garbage-first heap   total 244736K, used 159924K [0x0000000080000000, 0x0000000100000000)
  region size 1024K, 5 young (5120K), 5 survivors (5120K)
 Metaspace       used 124998K, committed 125888K, reserved 1179648K
  class space    used 16545K, committed 16960K, reserved 1048576K
}
Event: 39.454 GC heap before
{Heap before GC invocations=72 (full 0):
 garbage-first heap   total 244736K, used 206004K [0x0000000080000000, 0x0000000100000000)
  region size 1024K, 51 young (52224K), 5 survivors (5120K)
 Metaspace       used 129220K, committed 130112K, reserved 1179648K
  class space    used 17297K, committed 17728K, reserved 1048576K
}
Event: 39.463 GC heap after
{Heap after GC invocations=73 (full 0):
 garbage-first heap   total 244736K, used 166399K [0x0000000080000000, 0x0000000100000000)
  region size 1024K, 7 young (7168K), 7 survivors (7168K)
 Metaspace       used 129220K, committed 130112K, reserved 1179648K
  class space    used 17297K, committed 17728K, reserved 1048576K
}

